2025-01-09 15:11:00,368 - INFO - 语言资源加载成功。
2025-01-09 15:11:00,377 - INFO - 阿里云客户端已初始化。
2025-01-09 15:11:00,790 - INFO - 网络状态: 已连接
2025-01-09 15:11:00,863 - INFO - 图标已成功加载。
2025-01-09 15:11:00,870 - INFO - 界面语言已切换为: zh
2025-01-09 15:11:00,870 - INFO - 初始化完成。
2025-01-09 15:11:00,944 - INFO - 缩放比例: 1.0
2025-01-09 15:11:00,944 - WARNING - 没有图像可缩放。
2025-01-09 15:11:06,204 - INFO - 网络状态: 已连接
2025-01-09 15:11:09,885 - WARNING - 没有图像在Canvas上，无法移动。
2025-01-09 15:11:09,893 - WARNING - 没有图像在Canvas上，无法移动。
2025-01-09 15:11:09,900 - WARNING - 没有图像在Canvas上，无法移动。
2025-01-09 15:11:09,908 - WARNING - 没有图像在Canvas上，无法移动。
2025-01-09 15:11:09,914 - WARNING - 没有图像在Canvas上，无法移动。
2025-01-09 15:11:09,922 - WARNING - 没有图像在Canvas上，无法移动。
2025-01-09 15:11:09,930 - WARNING - 没有图像在Canvas上，无法移动。
2025-01-09 15:11:09,938 - WARNING - 没有图像在Canvas上，无法移动。
2025-01-09 15:11:09,944 - WARNING - 没有图像在Canvas上，无法移动。
2025-01-09 15:11:09,952 - WARNING - 没有图像在Canvas上，无法移动。
2025-01-09 15:11:09,960 - WARNING - 没有图像在Canvas上，无法移动。
2025-01-09 15:11:10,821 - INFO - 临时文件夹 C:\Users\yushi\AppData\Local\Temp\face_recognition_z92ph5ny 已删除。
2025-01-12 22:18:07,504 - INFO - 语言资源加载成功。
2025-01-12 22:18:07,516 - INFO - 阿里云客户端已初始化。
2025-01-12 22:18:08,159 - INFO - 网络状态: 已连接
2025-01-12 22:18:08,234 - INFO - 图标已成功加载。
2025-01-12 22:18:08,239 - INFO - 界面语言已切换为: zh
2025-01-12 22:18:08,239 - INFO - 初始化完成。
2025-01-12 22:18:08,327 - INFO - 缩放比例: 1.0
2025-01-12 22:18:08,327 - WARNING - 没有图像可缩放。
2025-01-12 22:18:13,688 - INFO - 网络状态: 已连接
2025-01-12 22:18:17,551 - INFO - 压缩图片保存为: C:\Users\yushi\AppData\Local\Temp\face_recognition_6gica9jr\uploaded\compressed_屏幕截图 2024-12-16 230159.png
2025-01-12 22:18:17,594 - INFO - 增强图片保存为: C:\Users\yushi\AppData\Local\Temp\face_recognition_6gica9jr\uploaded\enhanced_compressed_屏幕截图 2024-12-16 230159.png
2025-01-12 22:18:17,594 - INFO - 开始比对图片: C:\Users\yushi\AppData\Local\Temp\face_recognition_6gica9jr\uploaded\enhanced_compressed_屏幕截图 2024-12-16 230159.png
2025-01-12 22:18:17,599 - ERROR - 识别失败：'CommonRequest' object has no attribute 'add_file_param'
2025-01-12 22:18:17,599 - INFO - 日志记录：{'Timestamp': '2025-01-12 22:18:17', 'Operation': '人脸识别', 'Result': "失败：'CommonRequest' object has no attribute 'add_file_param'", 'Matched_Person': '无'}
2025-01-12 22:18:17,599 - INFO - 日志记录：{'Timestamp': '2025-01-12 22:18:17', 'Operation': '比对图片', 'Result': '失败：未匹配到任何人', 'Matched_Person': '无'}
2025-01-12 22:18:17,599 - INFO - 添加到列表: 屏幕截图 2024-12-16 230159.png - 失败 - 未匹配, 路径: C:/Users/yushi/Pictures/Screenshots/屏幕截图 2024-12-16 230159.png
2025-01-12 22:18:18,437 - INFO - 批量比对完成！成功匹配: 0 张图片，失败: 1 张图片
2025-01-12 22:18:19,189 - INFO - 网络状态: 已连接
2025-01-12 22:18:19,724 - INFO - 显示图片: 屏幕截图 2024-12-16 230159.png
2025-01-12 22:18:20,569 - INFO - 新的缩放比例: 0.9
2025-01-12 22:18:20,599 - INFO - 缩放比例: 0.9
2025-01-12 22:18:20,599 - INFO - 原始图像大小: 1355x1010
2025-01-12 22:18:20,599 - INFO - 新图像大小: 1219x909
2025-01-12 22:18:20,629 - INFO - 图像缩放完成。
2025-01-12 22:18:20,631 - INFO - Canvas图像更新完成。
2025-01-12 22:18:20,631 - INFO - 保持图像引用完成。
2025-01-12 22:18:20,639 - INFO - Canvas图像更新完成。
2025-01-12 22:18:20,639 - INFO - 保持图像引用完成。
2025-01-12 22:18:20,639 - INFO - 新的缩放比例: 0.81
2025-01-12 22:18:20,669 - INFO - 缩放比例: 0.81
2025-01-12 22:18:20,669 - INFO - 原始图像大小: 1355x1010
2025-01-12 22:18:20,669 - INFO - 新图像大小: 1097x818
2025-01-12 22:18:20,689 - INFO - 图像缩放完成。
2025-01-12 22:18:20,695 - INFO - Canvas图像更新完成。
2025-01-12 22:18:20,699 - INFO - 保持图像引用完成。
2025-01-12 22:18:20,699 - INFO - Canvas图像更新完成。
2025-01-12 22:18:20,699 - INFO - 保持图像引用完成。
2025-01-12 22:18:20,699 - INFO - 新的缩放比例: 0.7290000000000001
2025-01-12 22:18:20,727 - INFO - 缩放比例: 0.72
2025-01-12 22:18:20,727 - INFO - 原始图像大小: 1355x1010
2025-01-12 22:18:20,727 - INFO - 新图像大小: 975x727
2025-01-12 22:18:20,747 - INFO - 图像缩放完成。
2025-01-12 22:18:20,751 - INFO - Canvas图像更新完成。
2025-01-12 22:18:20,751 - INFO - 保持图像引用完成。
2025-01-12 22:18:20,751 - INFO - Canvas图像更新完成。
2025-01-12 22:18:20,751 - INFO - 保持图像引用完成。
2025-01-12 22:18:20,955 - INFO - 新的缩放比例: 0.648
2025-01-12 22:18:20,969 - INFO - 缩放比例: 0.64
2025-01-12 22:18:20,969 - INFO - 原始图像大小: 1355x1010
2025-01-12 22:18:20,969 - INFO - 新图像大小: 867x646
2025-01-12 22:18:20,989 - INFO - 图像缩放完成。
2025-01-12 22:18:20,997 - INFO - Canvas图像更新完成。
2025-01-12 22:18:20,999 - INFO - 保持图像引用完成。
2025-01-12 22:18:20,999 - INFO - Canvas图像更新完成。
2025-01-12 22:18:20,999 - INFO - 保持图像引用完成。
2025-01-12 22:18:20,999 - INFO - 新的缩放比例: 0.5760000000000001
2025-01-12 22:18:21,019 - INFO - 缩放比例: 0.57
2025-01-12 22:18:21,019 - INFO - 原始图像大小: 1355x1010
2025-01-12 22:18:21,019 - INFO - 新图像大小: 772x575
2025-01-12 22:18:21,034 - INFO - 图像缩放完成。
2025-01-12 22:18:21,039 - INFO - Canvas图像更新完成。
2025-01-12 22:18:21,041 - INFO - 保持图像引用完成。
2025-01-12 22:18:21,041 - INFO - Canvas图像更新完成。
2025-01-12 22:18:21,041 - INFO - 保持图像引用完成。
2025-01-12 22:18:21,041 - INFO - 新的缩放比例: 0.513
2025-01-12 22:18:21,061 - INFO - 缩放比例: 0.51
2025-01-12 22:18:21,061 - INFO - 原始图像大小: 1355x1010
2025-01-12 22:18:21,061 - INFO - 新图像大小: 691x515
2025-01-12 22:18:21,077 - INFO - 图像缩放完成。
2025-01-12 22:18:21,079 - INFO - Canvas图像更新完成。
2025-01-12 22:18:21,079 - INFO - 保持图像引用完成。
2025-01-12 22:18:21,079 - INFO - Canvas图像更新完成。
2025-01-12 22:18:21,079 - INFO - 保持图像引用完成。
2025-01-12 22:18:21,079 - INFO - 新的缩放比例: 0.459
2025-01-12 22:18:21,092 - INFO - 缩放比例: 0.45
2025-01-12 22:18:21,092 - INFO - 原始图像大小: 1355x1010
2025-01-12 22:18:21,092 - INFO - 新图像大小: 609x454
2025-01-12 22:18:21,109 - INFO - 图像缩放完成。
2025-01-12 22:18:21,109 - INFO - Canvas图像更新完成。
2025-01-12 22:18:21,109 - INFO - 保持图像引用完成。
2025-01-12 22:18:21,109 - INFO - Canvas图像更新完成。
2025-01-12 22:18:21,109 - INFO - 保持图像引用完成。
2025-01-12 22:18:21,349 - INFO - 新的缩放比例: 0.405
2025-01-12 22:18:21,364 - INFO - 缩放比例: 0.4
2025-01-12 22:18:21,364 - INFO - 原始图像大小: 1355x1010
2025-01-12 22:18:21,366 - INFO - 新图像大小: 542x404
2025-01-12 22:18:21,373 - INFO - 图像缩放完成。
2025-01-12 22:18:21,379 - INFO - Canvas图像更新完成。
2025-01-12 22:18:21,379 - INFO - 保持图像引用完成。
2025-01-12 22:18:21,379 - INFO - Canvas图像更新完成。
2025-01-12 22:18:21,379 - INFO - 保持图像引用完成。
2025-01-12 22:18:21,379 - INFO - 新的缩放比例: 0.36000000000000004
2025-01-12 22:18:21,393 - INFO - 缩放比例: 0.36
2025-01-12 22:18:21,393 - INFO - 原始图像大小: 1355x1010
2025-01-12 22:18:21,393 - INFO - 新图像大小: 487x363
2025-01-12 22:18:21,399 - INFO - 图像缩放完成。
2025-01-12 22:18:21,409 - INFO - Canvas图像更新完成。
2025-01-12 22:18:21,409 - INFO - 保持图像引用完成。
2025-01-12 22:18:21,409 - INFO - Canvas图像更新完成。
2025-01-12 22:18:21,409 - INFO - 保持图像引用完成。
2025-01-12 22:18:21,409 - INFO - 新的缩放比例: 0.324
2025-01-12 22:18:21,426 - INFO - 缩放比例: 0.32
2025-01-12 22:18:21,426 - INFO - 原始图像大小: 1355x1010
2025-01-12 22:18:21,426 - INFO - 新图像大小: 433x323
2025-01-12 22:18:21,439 - INFO - 图像缩放完成。
2025-01-12 22:18:21,440 - INFO - Canvas图像更新完成。
2025-01-12 22:18:21,440 - INFO - 保持图像引用完成。
2025-01-12 22:18:21,440 - INFO - Canvas图像更新完成。
2025-01-12 22:18:21,440 - INFO - 保持图像引用完成。
2025-01-12 22:18:21,440 - INFO - 新的缩放比例: 0.28800000000000003
2025-01-12 22:18:21,449 - INFO - 缩放比例: 0.28
2025-01-12 22:18:21,449 - INFO - 原始图像大小: 1355x1010
2025-01-12 22:18:21,449 - INFO - 新图像大小: 379x282
2025-01-12 22:18:21,460 - INFO - 图像缩放完成。
2025-01-12 22:18:21,460 - INFO - Canvas图像更新完成。
2025-01-12 22:18:21,460 - INFO - 保持图像引用完成。
2025-01-12 22:18:21,460 - INFO - Canvas图像更新完成。
2025-01-12 22:18:21,460 - INFO - 保持图像引用完成。
2025-01-12 22:18:21,669 - INFO - 新的缩放比例: 0.30800000000000005
2025-01-12 22:18:21,679 - INFO - 缩放比例: 0.3
2025-01-12 22:18:21,679 - INFO - 原始图像大小: 1355x1010
2025-01-12 22:18:21,679 - INFO - 新图像大小: 406x303
2025-01-12 22:18:21,689 - INFO - 图像缩放完成。
2025-01-12 22:18:21,689 - INFO - Canvas图像更新完成。
2025-01-12 22:18:21,689 - INFO - 保持图像引用完成。
2025-01-12 22:18:21,689 - INFO - Canvas图像更新完成。
2025-01-12 22:18:21,689 - INFO - 保持图像引用完成。
2025-01-12 22:18:21,709 - INFO - 新的缩放比例: 0.33
2025-01-12 22:18:21,719 - INFO - 缩放比例: 0.33
2025-01-12 22:18:21,719 - INFO - 原始图像大小: 1355x1010
2025-01-12 22:18:21,719 - INFO - 新图像大小: 447x333
2025-01-12 22:18:21,732 - INFO - 图像缩放完成。
2025-01-12 22:18:21,732 - INFO - Canvas图像更新完成。
2025-01-12 22:18:21,732 - INFO - 保持图像引用完成。
2025-01-12 22:18:21,732 - INFO - Canvas图像更新完成。
2025-01-12 22:18:21,732 - INFO - 保持图像引用完成。
2025-01-12 22:18:21,749 - INFO - 新的缩放比例: 0.36300000000000004
2025-01-12 22:18:21,764 - INFO - 缩放比例: 0.36
2025-01-12 22:18:21,764 - INFO - 原始图像大小: 1355x1010
2025-01-12 22:18:21,764 - INFO - 新图像大小: 487x363
2025-01-12 22:18:21,774 - INFO - 图像缩放完成。
2025-01-12 22:18:21,774 - INFO - Canvas图像更新完成。
2025-01-12 22:18:21,779 - INFO - 保持图像引用完成。
2025-01-12 22:18:21,779 - INFO - Canvas图像更新完成。
2025-01-12 22:18:21,779 - INFO - 保持图像引用完成。
2025-01-12 22:18:21,797 - INFO - 新的缩放比例: 0.396
2025-01-12 22:18:21,811 - INFO - 缩放比例: 0.39
2025-01-12 22:18:21,811 - INFO - 原始图像大小: 1355x1010
2025-01-12 22:18:21,811 - INFO - 新图像大小: 528x393
2025-01-12 22:18:21,824 - INFO - 图像缩放完成。
2025-01-12 22:18:21,824 - INFO - Canvas图像更新完成。
2025-01-12 22:18:21,824 - INFO - 保持图像引用完成。
2025-01-12 22:18:21,829 - INFO - Canvas图像更新完成。
2025-01-12 22:18:21,829 - INFO - 保持图像引用完成。
2025-01-12 22:18:24,917 - INFO - 网络状态: 已连接
2025-01-12 22:18:30,445 - INFO - 网络状态: 已连接
2025-01-12 22:18:35,921 - INFO - 网络状态: 已连接
2025-01-12 22:18:41,373 - INFO - 网络状态: 已连接
2025-01-12 22:18:46,890 - INFO - 网络状态: 已连接
2025-01-12 22:18:52,583 - INFO - 网络状态: 已连接
2025-01-12 22:18:58,019 - INFO - 网络状态: 已连接
2025-01-12 22:19:02,869 - INFO - 压缩图片保存为: C:\Users\yushi\AppData\Local\Temp\face_recognition_6gica9jr\uploaded\compressed_微信图片_20250105230803.jpg
2025-01-12 22:19:02,900 - INFO - 增强图片保存为: C:\Users\yushi\AppData\Local\Temp\face_recognition_6gica9jr\uploaded\enhanced_compressed_微信图片_20250105230803.jpg
2025-01-12 22:19:02,900 - INFO - 开始上传图片: C:\Users\yushi\AppData\Local\Temp\face_recognition_6gica9jr\uploaded\enhanced_compressed_微信图片_20250105230803.jpg
2025-01-12 22:19:02,900 - ERROR - 上传 D:/photos/sucai/微信图片_20250105230803.jpg 时发生错误: 'CommonRequest' object has no attribute 'add_file_param'
2025-01-12 22:19:02,900 - INFO - 日志记录：{'Timestamp': '2025-01-12 22:19:02', 'Operation': '上传图片到人脸库', 'Result': "失败：'CommonRequest' object has no attribute 'add_file_param'", 'Matched_Person': '无'}
2025-01-12 22:19:03,736 - INFO - 网络状态: 已连接
2025-01-12 22:19:04,500 - INFO - 批量上传完成！成功上传: 0 张图片，失败: 1 张图片
2025-01-12 22:19:05,569 - INFO - 显示图片: 屏幕截图 2024-12-16 230159.png
2025-01-12 22:19:05,572 - INFO - 缩放比例: 1.0
2025-01-12 22:19:05,572 - INFO - 原始图像大小: 1355x1010
2025-01-12 22:19:05,572 - INFO - 新图像大小: 1355x1010
2025-01-12 22:19:05,579 - INFO - 图像缩放完成。
2025-01-12 22:19:05,589 - INFO - Canvas图像更新完成。
2025-01-12 22:19:05,589 - INFO - 保持图像引用完成。
2025-01-12 22:19:05,939 - INFO - 显示图片: 微信图片_20250105230803.jpg
2025-01-12 22:19:06,469 - INFO - 新的缩放比例: 0.9
2025-01-12 22:19:06,499 - INFO - 缩放比例: 0.9
2025-01-12 22:19:06,499 - INFO - 原始图像大小: 1179x1141
2025-01-12 22:19:06,499 - INFO - 新图像大小: 1061x1026
2025-01-12 22:19:06,519 - INFO - 图像缩放完成。
2025-01-12 22:19:06,531 - INFO - Canvas图像更新完成。
2025-01-12 22:19:06,531 - INFO - 保持图像引用完成。
2025-01-12 22:19:06,531 - INFO - Canvas图像更新完成。
2025-01-12 22:19:06,531 - INFO - 保持图像引用完成。
2025-01-12 22:19:06,531 - INFO - 新的缩放比例: 0.81
2025-01-12 22:19:06,563 - INFO - 缩放比例: 0.81
2025-01-12 22:19:06,563 - INFO - 原始图像大小: 1179x1141
2025-01-12 22:19:06,563 - INFO - 新图像大小: 954x924
2025-01-12 22:19:06,579 - INFO - 图像缩放完成。
2025-01-12 22:19:06,589 - INFO - Canvas图像更新完成。
2025-01-12 22:19:06,589 - INFO - 保持图像引用完成。
2025-01-12 22:19:06,589 - INFO - Canvas图像更新完成。
2025-01-12 22:19:06,589 - INFO - 保持图像引用完成。
2025-01-12 22:19:06,589 - INFO - 新的缩放比例: 0.7290000000000001
2025-01-12 22:19:06,619 - INFO - 缩放比例: 0.72
2025-01-12 22:19:06,619 - INFO - 原始图像大小: 1179x1141
2025-01-12 22:19:06,619 - INFO - 新图像大小: 848x821
2025-01-12 22:19:06,639 - INFO - 图像缩放完成。
2025-01-12 22:19:06,646 - INFO - Canvas图像更新完成。
2025-01-12 22:19:06,646 - INFO - 保持图像引用完成。
2025-01-12 22:19:06,646 - INFO - Canvas图像更新完成。
2025-01-12 22:19:06,649 - INFO - 保持图像引用完成。
2025-01-12 22:19:06,854 - INFO - 新的缩放比例: 0.648
2025-01-12 22:19:06,869 - INFO - 缩放比例: 0.64
2025-01-12 22:19:06,869 - INFO - 原始图像大小: 1179x1141
2025-01-12 22:19:06,869 - INFO - 新图像大小: 754x730
2025-01-12 22:19:06,889 - INFO - 图像缩放完成。
2025-01-12 22:19:06,889 - INFO - Canvas图像更新完成。
2025-01-12 22:19:06,889 - INFO - 保持图像引用完成。
2025-01-12 22:19:06,889 - INFO - Canvas图像更新完成。
2025-01-12 22:19:06,889 - INFO - 保持图像引用完成。
2025-01-12 22:19:06,899 - INFO - 新的缩放比例: 0.5760000000000001
2025-01-12 22:19:06,919 - INFO - 缩放比例: 0.57
2025-01-12 22:19:06,919 - INFO - 原始图像大小: 1179x1141
2025-01-12 22:19:06,919 - INFO - 新图像大小: 672x650
2025-01-12 22:19:06,934 - INFO - 图像缩放完成。
2025-01-12 22:19:06,938 - INFO - Canvas图像更新完成。
2025-01-12 22:19:06,939 - INFO - 保持图像引用完成。
2025-01-12 22:19:06,939 - INFO - Canvas图像更新完成。
2025-01-12 22:19:06,939 - INFO - 保持图像引用完成。
2025-01-12 22:19:06,939 - INFO - 新的缩放比例: 0.513
2025-01-12 22:19:06,959 - INFO - 缩放比例: 0.51
2025-01-12 22:19:06,959 - INFO - 原始图像大小: 1179x1141
2025-01-12 22:19:06,959 - INFO - 新图像大小: 601x581
2025-01-12 22:19:06,973 - INFO - 图像缩放完成。
2025-01-12 22:19:06,973 - INFO - Canvas图像更新完成。
2025-01-12 22:19:06,978 - INFO - 保持图像引用完成。
2025-01-12 22:19:06,979 - INFO - Canvas图像更新完成。
2025-01-12 22:19:06,979 - INFO - 保持图像引用完成。
2025-01-12 22:19:06,979 - INFO - 新的缩放比例: 0.459
2025-01-12 22:19:06,994 - INFO - 缩放比例: 0.45
2025-01-12 22:19:06,994 - INFO - 原始图像大小: 1179x1141
2025-01-12 22:19:06,994 - INFO - 新图像大小: 530x513
2025-01-12 22:19:07,009 - INFO - 图像缩放完成。
2025-01-12 22:19:07,009 - INFO - Canvas图像更新完成。
2025-01-12 22:19:07,009 - INFO - 保持图像引用完成。
2025-01-12 22:19:07,009 - INFO - Canvas图像更新完成。
2025-01-12 22:19:07,009 - INFO - 保持图像引用完成。
2025-01-12 22:19:07,429 - INFO - 新的缩放比例: 0.405
2025-01-12 22:19:07,439 - INFO - 缩放比例: 0.4
2025-01-12 22:19:07,439 - INFO - 原始图像大小: 1179x1141
2025-01-12 22:19:07,439 - INFO - 新图像大小: 471x456
2025-01-12 22:19:07,455 - INFO - 图像缩放完成。
2025-01-12 22:19:07,455 - INFO - Canvas图像更新完成。
2025-01-12 22:19:07,459 - INFO - 保持图像引用完成。
2025-01-12 22:19:07,459 - INFO - Canvas图像更新完成。
2025-01-12 22:19:07,459 - INFO - 保持图像引用完成。
2025-01-12 22:19:09,445 - INFO - 网络状态: 已连接
2025-01-12 22:19:15,149 - INFO - 网络状态: 已连接
2025-01-12 22:19:20,755 - INFO - 网络状态: 已连接
2025-01-12 22:19:26,609 - INFO - 网络状态: 已连接
2025-01-15 00:53:20,756 - INFO - 语言资源加载成功。
2025-01-15 00:53:20,760 - INFO - 阿里云客户端已初始化。
2025-01-15 00:53:25,942 - WARNING - 网络状态: 未连接
2025-01-15 00:53:26,020 - INFO - 图标已成功加载。
2025-01-15 00:53:26,028 - INFO - 界面语言已切换为: zh
2025-01-15 00:53:26,030 - INFO - 初始化完成。
2025-01-15 00:53:26,131 - INFO - 缩放比例: 1.0
2025-01-15 00:53:26,131 - WARNING - 没有图像可缩放。
2025-01-15 00:53:35,946 - WARNING - 网络状态: 未连接
2025-01-15 00:53:36,295 - INFO - 压缩图片保存为: C:\Users\yushi\AppData\Local\Temp\face_recognition_jlcimouh\uploaded\compressed_微信图片_20250105230803.jpg
2025-01-15 00:53:36,330 - INFO - 增强图片保存为: C:\Users\yushi\AppData\Local\Temp\face_recognition_jlcimouh\uploaded\enhanced_compressed_微信图片_20250105230803.jpg
2025-01-15 00:53:36,330 - INFO - 开始上传图片: C:\Users\yushi\AppData\Local\Temp\face_recognition_jlcimouh\uploaded\enhanced_compressed_微信图片_20250105230803.jpg
2025-01-15 00:53:36,330 - ERROR - 上传 D:/photos/sucai/微信图片_20250105230803.jpg 时发生错误: 'CommonRequest' object has no attribute 'add_file_param'
2025-01-15 00:53:36,330 - INFO - 日志记录：{'Timestamp': '2025-01-15 00:53:36', 'Operation': '上传图片到人脸库', 'Result': "失败：'CommonRequest' object has no attribute 'add_file_param'", 'Matched_Person': '无'}
2025-01-15 00:53:45,960 - WARNING - 网络状态: 未连接
2025-01-15 00:53:47,110 - INFO - 批量上传完成！成功上传: 0 张图片，失败: 1 张图片
2025-01-15 00:53:47,890 - WARNING - 没有图像在Canvas上，无法移动。
2025-01-15 00:53:47,910 - WARNING - 没有图像在Canvas上，无法移动。
2025-01-15 00:53:55,971 - WARNING - 网络状态: 未连接
2025-01-15 00:54:05,981 - WARNING - 网络状态: 未连接
2025-01-15 00:54:07,505 - INFO - 压缩图片保存为: C:\Users\yushi\AppData\Local\Temp\face_recognition_jlcimouh\uploaded\compressed_微信图片_20250105230803.jpg
2025-01-15 00:54:07,540 - INFO - 增强图片保存为: C:\Users\yushi\AppData\Local\Temp\face_recognition_jlcimouh\uploaded\enhanced_compressed_微信图片_20250105230803.jpg
2025-01-15 00:54:07,540 - INFO - 开始上传图片: C:\Users\yushi\AppData\Local\Temp\face_recognition_jlcimouh\uploaded\enhanced_compressed_微信图片_20250105230803.jpg
2025-01-15 00:54:07,540 - ERROR - 上传 D:/photos/sucai/微信图片_20250105230803.jpg 时发生错误: 'CommonRequest' object has no attribute 'add_file_param'
2025-01-15 00:54:07,540 - INFO - 日志记录：{'Timestamp': '2025-01-15 00:54:07', 'Operation': '上传图片到人脸库', 'Result': "失败：'CommonRequest' object has no attribute 'add_file_param'", 'Matched_Person': '无'}
2025-01-15 00:54:15,998 - WARNING - 网络状态: 未连接
2025-01-15 00:54:17,162 - INFO - 批量上传完成！成功上传: 0 张图片，失败: 1 张图片
2025-01-15 00:54:19,739 - INFO - 压缩图片保存为: C:\Users\yushi\AppData\Local\Temp\face_recognition_jlcimouh\uploaded\compressed_微信图片_20250105230803.jpg
2025-01-15 00:54:19,764 - INFO - 增强图片保存为: C:\Users\yushi\AppData\Local\Temp\face_recognition_jlcimouh\uploaded\enhanced_compressed_微信图片_20250105230803.jpg
2025-01-15 00:54:19,764 - INFO - 开始比对图片: C:\Users\yushi\AppData\Local\Temp\face_recognition_jlcimouh\uploaded\enhanced_compressed_微信图片_20250105230803.jpg
2025-01-15 00:54:19,775 - ERROR - 识别失败：'CommonRequest' object has no attribute 'add_file_param'
2025-01-15 00:54:19,775 - INFO - 日志记录：{'Timestamp': '2025-01-15 00:54:19', 'Operation': '人脸识别', 'Result': "失败：'CommonRequest' object has no attribute 'add_file_param'", 'Matched_Person': '无'}
2025-01-15 00:54:19,775 - INFO - 日志记录：{'Timestamp': '2025-01-15 00:54:19', 'Operation': '比对图片', 'Result': '失败：未匹配到任何人', 'Matched_Person': '无'}
2025-01-15 00:54:19,775 - INFO - 添加到列表: 微信图片_20250105230803.jpg - 失败 - 未匹配, 路径: D:/photos/sucai/微信图片_20250105230803.jpg
2025-01-15 00:54:20,738 - INFO - 批量比对完成！成功匹配: 0 张图片，失败: 1 张图片
2025-01-15 00:54:26,007 - WARNING - 网络状态: 未连接
2025-01-15 00:54:26,030 - INFO - 显示图片: 微信图片_20250105230803.jpg
2025-01-15 00:54:26,060 - INFO - 显示图片: 微信图片_20250105230803.jpg
2025-01-15 00:54:28,753 - WARNING - 上传失败：未选择任何图片。
2025-01-15 00:54:28,754 - INFO - 日志记录：{'Timestamp': '2025-01-15 00:54:28', 'Operation': '上传图片到人脸库', 'Result': '失败：未选择任何图片', 'Matched_Person': '无'}
2025-01-15 00:54:29,824 - INFO - 显示图片: 微信图片_20250105230803.jpg
2025-01-15 00:54:30,155 - INFO - 显示图片: 微信图片_20250105230803.jpg
2025-01-15 00:54:36,019 - WARNING - 网络状态: 未连接
2025-01-15 00:54:38,865 - ERROR - ServerException occurred. Host:facebody.cn-shanghai.aliyuncs.com SDK-Version:2.16.0 ServerException:HTTP Status: 400 Error:InvalidImageType Specified parameter ImageType is not valid. RequestID: BED73859-4422-5471-92DF-8F91263982E9
2025-01-15 00:54:38,865 - ERROR - 人脸检测和识别出错: HTTP Status: 400 Error:InvalidImageType Specified parameter ImageType is not valid. RequestID: BED73859-4422-5471-92DF-8F91263982E9
2025-01-15 00:54:38,865 - INFO - 摄像头窗口已打开并开始实时检测。
2025-01-15 00:54:41,639 - ERROR - ServerException occurred. Host:facebody.cn-shanghai.aliyuncs.com SDK-Version:2.16.0 ServerException:HTTP Status: 400 Error:InvalidImageType Specified parameter ImageType is not valid. RequestID: 735E345F-7A22-54A8-B3C5-D3E2720412D9
2025-01-15 00:54:41,640 - ERROR - 人脸检测和识别出错: HTTP Status: 400 Error:InvalidImageType Specified parameter ImageType is not valid. RequestID: 735E345F-7A22-54A8-B3C5-D3E2720412D9
2025-01-15 00:54:41,640 - INFO - 摄像头窗口已打开并开始实时检测。
2025-01-15 00:54:46,667 - WARNING - 网络状态: 未连接
2025-01-15 00:54:46,740 - ERROR - ServerException occurred. Host:facebody.cn-shanghai.aliyuncs.com SDK-Version:2.16.0 ServerException:HTTP Status: 400 Error:InvalidImageType Specified parameter ImageType is not valid. RequestID: 76BE8A92-3B79-59E7-BD22-E3AD7E8F3845
2025-01-15 00:54:46,740 - ERROR - 人脸检测和识别出错: HTTP Status: 400 Error:InvalidImageType Specified parameter ImageType is not valid. RequestID: 76BE8A92-3B79-59E7-BD22-E3AD7E8F3845
2025-01-15 00:54:46,787 - INFO - 临时文件夹 C:\Users\yushi\AppData\Local\Temp\face_recognition_jlcimouh 已删除。
2025-01-15 01:02:06,392 - INFO - 语言资源加载成功。
2025-01-15 01:02:06,395 - INFO - 阿里云客户端已初始化。
2025-01-15 01:02:11,451 - WARNING - 网络状态: 未连接
2025-01-15 01:02:11,470 - INFO - 图标已成功加载。
2025-01-15 01:02:11,470 - INFO - 界面语言已切换为: zh
2025-01-15 01:02:11,470 - INFO - 初始化完成。
2025-01-15 01:02:11,542 - INFO - 缩放比例: 1.0
2025-01-15 01:02:11,542 - WARNING - 没有图像可缩放。
2025-01-15 01:02:15,580 - INFO - 压缩图片保存为: C:\Users\yushi\AppData\Local\Temp\face_recognition_19p4dgmi\uploaded\compressed_微信图片_20250105230803.jpg
2025-01-15 01:02:15,609 - INFO - 增强图片保存为: C:\Users\yushi\AppData\Local\Temp\face_recognition_19p4dgmi\uploaded\enhanced_compressed_微信图片_20250105230803.jpg
2025-01-15 01:02:15,609 - INFO - 开始上传图片: C:\Users\yushi\AppData\Local\Temp\face_recognition_19p4dgmi\uploaded\enhanced_compressed_微信图片_20250105230803.jpg
2025-01-15 01:02:15,609 - ERROR - 上传 D:/photos/sucai/微信图片_20250105230803.jpg 时发生错误: 'CommonRequest' object has no attribute 'add_file_param'
2025-01-15 01:02:15,609 - INFO - 日志记录：{'Timestamp': '2025-01-15 01:02:15', 'Operation': '上传图片到人脸库', 'Result': "失败：'CommonRequest' object has no attribute 'add_file_param'", 'Matched_Person': '无'}
2025-01-15 01:02:21,479 - WARNING - 网络状态: 未连接
2025-01-15 01:02:22,551 - INFO - 批量上传完成！成功上传: 0 张图片，失败: 1 张图片
2025-01-15 01:02:31,487 - WARNING - 网络状态: 未连接
2025-01-15 01:02:31,819 - INFO - 压缩图片保存为: C:\Users\yushi\AppData\Local\Temp\face_recognition_19p4dgmi\uploaded\compressed_微信图片_20250105230803.jpg
2025-01-15 01:02:31,853 - INFO - 增强图片保存为: C:\Users\yushi\AppData\Local\Temp\face_recognition_19p4dgmi\uploaded\enhanced_compressed_微信图片_20250105230803.jpg
2025-01-15 01:02:31,854 - INFO - 开始上传图片: C:\Users\yushi\AppData\Local\Temp\face_recognition_19p4dgmi\uploaded\enhanced_compressed_微信图片_20250105230803.jpg
2025-01-15 01:02:31,854 - ERROR - 上传 D:/photos/sucai/微信图片_20250105230803.jpg 时发生错误: 'CommonRequest' object has no attribute 'add_file_param'
2025-01-15 01:02:31,854 - INFO - 日志记录：{'Timestamp': '2025-01-15 01:02:31', 'Operation': '上传图片到人脸库', 'Result': "失败：'CommonRequest' object has no attribute 'add_file_param'", 'Matched_Person': '无'}
2025-01-15 01:02:41,516 - WARNING - 网络状态: 未连接
2025-01-15 01:02:41,524 - INFO - 批量上传完成！成功上传: 0 张图片，失败: 1 张图片
2025-01-15 01:02:43,244 - INFO - 临时文件夹 C:\Users\yushi\AppData\Local\Temp\face_recognition_19p4dgmi 已删除。
2025-01-15 01:08:40,238 - INFO - 语言资源加载成功。
2025-01-15 01:08:40,238 - INFO - 阿里云客户端已初始化。
2025-01-15 01:08:45,290 - WARNING - 网络状态: 未连接
2025-01-15 01:08:45,306 - INFO - 图标已成功加载。
2025-01-15 01:08:45,308 - INFO - 界面语言已切换为: zh
2025-01-15 01:08:45,308 - INFO - 初始化完成。
2025-01-15 01:08:45,376 - INFO - 缩放比例: 1.0
2025-01-15 01:08:45,376 - WARNING - 没有图像可缩放。
2025-01-15 01:08:49,157 - INFO - 压缩图片保存为: C:\Users\yushi\AppData\Local\Temp\face_recognition_1vz_8rdo\uploaded\compressed_微信图片_20250105230803.jpg
2025-01-15 01:08:49,178 - INFO - 增强图片保存为: C:\Users\yushi\AppData\Local\Temp\face_recognition_1vz_8rdo\uploaded\enhanced_compressed_微信图片_20250105230803.jpg
2025-01-15 01:08:49,178 - INFO - 开始上传图片: C:\Users\yushi\AppData\Local\Temp\face_recognition_1vz_8rdo\uploaded\enhanced_compressed_微信图片_20250105230803.jpg
2025-01-15 01:08:49,178 - ERROR - 上传 D:/photos/sucai/微信图片_20250105230803.jpg 时发生错误: 'CommonRequest' object has no attribute 'add_file_param'
2025-01-15 01:08:49,178 - INFO - 日志记录：{'Timestamp': '2025-01-15 01:08:49', 'Operation': '上传图片到人脸库', 'Result': "失败：'CommonRequest' object has no attribute 'add_file_param'", 'Matched_Person': '无'}
2025-01-15 01:08:55,309 - WARNING - 网络状态: 未连接
2025-01-15 01:08:56,119 - INFO - 批量上传完成！成功上传: 0 张图片，失败: 1 张图片
2025-01-15 01:08:57,146 - INFO - 临时文件夹 C:\Users\yushi\AppData\Local\Temp\face_recognition_1vz_8rdo 已删除。
2025-01-15 01:17:43,806 - INFO - 语言资源加载成功。
2025-01-15 01:17:43,814 - INFO - 阿里云客户端已初始化。
2025-01-15 01:17:48,836 - WARNING - 网络状态: 未连接
2025-01-15 01:17:48,852 - INFO - 图标已成功加载。
2025-01-15 01:17:48,857 - INFO - 界面语言已切换为: zh
2025-01-15 01:17:48,857 - INFO - 初始化完成。
2025-01-15 01:17:48,921 - INFO - 缩放比例: 1.0
2025-01-15 01:17:48,921 - WARNING - 没有图像可缩放。
2025-01-15 01:17:52,426 - INFO - 压缩图片保存为: C:\Users\yushi\AppData\Local\Temp\face_recognition_ciixxf3o\uploaded\compressed_微信图片_20250105230803.jpg
2025-01-15 01:17:52,456 - INFO - 增强图片保存为: C:\Users\yushi\AppData\Local\Temp\face_recognition_ciixxf3o\uploaded\enhanced_compressed_微信图片_20250105230803.jpg
2025-01-15 01:17:52,456 - INFO - 开始上传图片: C:\Users\yushi\AppData\Local\Temp\face_recognition_ciixxf3o\uploaded\enhanced_compressed_微信图片_20250105230803.jpg
2025-01-15 01:17:52,456 - ERROR - 上传 D:/photos/sucai/微信图片_20250105230803.jpg 时发生错误: 'CommonRequest' object has no attribute 'add_file_param'
2025-01-15 01:17:52,456 - INFO - 日志记录：{'Timestamp': '2025-01-15 01:17:52', 'Operation': '上传图片到人脸库', 'Result': "失败：'CommonRequest' object has no attribute 'add_file_param'", 'Matched_Person': '无'}
2025-01-15 01:17:58,856 - WARNING - 网络状态: 未连接
2025-01-15 01:17:59,718 - INFO - 批量上传完成！成功上传: 0 张图片，失败: 1 张图片
2025-01-15 01:18:01,843 - INFO - 临时文件夹 C:\Users\yushi\AppData\Local\Temp\face_recognition_ciixxf3o 已删除。
2025-01-21 21:36:38,519 - INFO - 语言资源加载成功。
2025-01-21 21:36:41,154 - ERROR - 初始化阿里云客户端失败: name 'AcsClient' is not defined
2025-01-21 21:36:41,160 - INFO - 临时文件夹 C:\Users\yushi\AppData\Local\Temp\face_recognition_wvyqb9mz 已删除。
2025-01-21 21:36:44,951 - INFO - 语言资源加载成功。
2025-01-21 21:36:46,322 - ERROR - 初始化阿里云客户端失败: name 'AcsClient' is not defined
2025-01-21 21:36:46,328 - INFO - 临时文件夹 C:\Users\yushi\AppData\Local\Temp\face_recognition_p2x89wgy 已删除。
